This is pdfTeX, Version 3.14159265-2.6-1.40.20 (MiKTeX 2.9.7140 64-bit) (preloaded format=pdflatex 2019.10.1)  8 NOV 2019 23:41
entering extended mode
**"./EV 2.5 Arreglos de amplificadores de potencia.tex"
("EV 2.5 Arreglos de amplificadores de potencia.tex"
LaTeX2e <2018-12-01>
("C:\Users\misak\AppData\Local\Programs\MiKTeX 2.9\tex/latex/base\article.cls"
Document Class: article 2018/09/03 v1.4i Standard LaTeX document class
("C:\Users\misak\AppData\Local\Programs\MiKTeX 2.9\tex/latex/base\size12.clo"
File: size12.clo 2018/09/03 v1.4i Standard LaTeX file (size option)
)
\c@part=\count80
\c@section=\count81
\c@subsection=\count82
\c@subsubsection=\count83
\c@paragraph=\count84
\c@subparagraph=\count85
\c@figure=\count86
\c@table=\count87
\abovecaptionskip=\skip41
\belowcaptionskip=\skip42
\bibindent=\dimen102
) ("C:\Users\misak\AppData\Local\Programs\MiKTeX 2.9\tex/latex/base\inputenc.st
y"
Package: inputenc 2018/08/11 v1.3c Input encoding file
\inpenc@prehook=\toks14
\inpenc@posthook=\toks15
 ("C:\Users\misak\AppData\Local\Programs\MiKTeX 2.9\tex/latex/base\latin1.def"
File: latin1.def 2018/08/11 v1.3c Input encoding file
))
("C:\Users\misak\AppData\Local\Programs\MiKTeX 2.9\tex/generic/babel\babel.sty"
Package: babel 2019/07/19 3.33 The Babel package
("C:\Users\misak\AppData\Local\Programs\MiKTeX 2.9\tex/generic/babel\switch.def
"
File: switch.def 2019/07/19 3.33 Babel switching mechanism
)
*************************************
* Local config file bblopts.cfg used
*
("C:\Users\misak\AppData\Local\Programs\MiKTeX 2.9\tex/latex/arabi\bblopts.cfg"
File: bblopts.cfg 2005/09/08 v0.1 add Arabic and Farsi to "declared" options of
 babel
)
("C:\Users\misak\AppData\Local\Programs\MiKTeX 2.9\tex/latex/babel-spanish\span
ish.ldf"
Language: spanish.ldf 2016/03/03 v5.0p Spanish support from the babel system

("C:\Users\misak\AppData\Local\Programs\MiKTeX 2.9\tex/generic/babel\babel.def"
File: babel.def 2019/07/19 3.33 Babel common definitions
\babel@savecnt=\count88
\U@D=\dimen103

("C:\Users\misak\AppData\Local\Programs\MiKTeX 2.9\tex/generic/babel\txtbabel.d
ef")
\bbl@dirlevel=\count89
)
\es@quottoks=\toks16
\es@quotdepth=\count90
Package babel Info: Making " an active character on input line 561.
Package babel Info: Making . an active character on input line 662.
Package babel Info: Making < an active character on input line 707.
Package babel Info: Making > an active character on input line 707.
))
("C:\Users\misak\AppData\Local\Programs\MiKTeX 2.9\tex/latex/amsmath\amsmath.st
y"
Package: amsmath 2018/12/01 v2.17b AMS math features
\@mathmargin=\skip43

For additional information on amsmath, use the `?' option.

("C:\Users\misak\AppData\Local\Programs\MiKTeX 2.9\tex/latex/amsmath\amstext.st
y"
Package: amstext 2000/06/29 v2.01 AMS text

("C:\Users\misak\AppData\Local\Programs\MiKTeX 2.9\tex/latex/amsmath\amsgen.sty
"
File: amsgen.sty 1999/11/30 v2.0 generic functions
\@emptytoks=\toks17
\ex@=\dimen104
))
("C:\Users\misak\AppData\Local\Programs\MiKTeX 2.9\tex/latex/amsmath\amsbsy.sty
"
Package: amsbsy 1999/11/29 v1.2d Bold Symbols
\pmbraise@=\dimen105
)
("C:\Users\misak\AppData\Local\Programs\MiKTeX 2.9\tex/latex/amsmath\amsopn.sty
"
Package: amsopn 2016/03/08 v2.02 operator names
)
\inf@bad=\count91
LaTeX Info: Redefining \frac on input line 223.
\uproot@=\count92
\leftroot@=\count93
LaTeX Info: Redefining \overline on input line 385.
\classnum@=\count94
\DOTSCASE@=\count95
LaTeX Info: Redefining \ldots on input line 482.
LaTeX Info: Redefining \dots on input line 485.
LaTeX Info: Redefining \cdots on input line 606.
\Mathstrutbox@=\box27
\strutbox@=\box28
\big@size=\dimen106
LaTeX Font Info:    Redeclaring font encoding OML on input line 729.
LaTeX Font Info:    Redeclaring font encoding OMS on input line 730.
\macc@depth=\count96
\c@MaxMatrixCols=\count97
\dotsspace@=\muskip10
\c@parentequation=\count98
\dspbrk@lvl=\count99
\tag@help=\toks18
\row@=\count100
\column@=\count101
\maxfields@=\count102
\andhelp@=\toks19
\eqnshift@=\dimen107
\alignsep@=\dimen108
\tagshift@=\dimen109
\tagwidth@=\dimen110
\totwidth@=\dimen111
\lineht@=\dimen112
\@envbody=\toks20
\multlinegap=\skip44
\multlinetaggap=\skip45
\mathdisplay@stack=\toks21
LaTeX Info: Redefining \[ on input line 2844.
LaTeX Info: Redefining \] on input line 2845.
)
("C:\Users\misak\AppData\Local\Programs\MiKTeX 2.9\tex/latex/amsfonts\amsfonts.
sty"
Package: amsfonts 2013/01/14 v3.01 Basic AMSFonts support
\symAMSa=\mathgroup4
\symAMSb=\mathgroup5
LaTeX Font Info:    Overwriting math alphabet `\mathfrak' in version `bold'
(Font)                  U/euf/m/n --> U/euf/b/n on input line 106.
)
("C:\Users\misak\AppData\Local\Programs\MiKTeX 2.9\tex/latex/amsfonts\amssymb.s
ty"
Package: amssymb 2013/01/14 v3.01 AMS font symbols
)
("C:\Users\misak\AppData\Local\Programs\MiKTeX 2.9\tex/latex/graphics\graphicx.
sty"
Package: graphicx 2017/06/01 v1.1a Enhanced LaTeX Graphics (DPC,SPQR)

("C:\Users\misak\AppData\Local\Programs\MiKTeX 2.9\tex/latex/graphics\keyval.st
y"
Package: keyval 2014/10/28 v1.15 key=value parser (DPC)
\KV@toks@=\toks22
)
("C:\Users\misak\AppData\Local\Programs\MiKTeX 2.9\tex/latex/graphics\graphics.
sty"
Package: graphics 2017/06/25 v1.2c Standard LaTeX Graphics (DPC,SPQR)

("C:\Users\misak\AppData\Local\Programs\MiKTeX 2.9\tex/latex/graphics\trig.sty"
Package: trig 2016/01/03 v1.10 sin cos tan (DPC)
)
("C:\Users\misak\AppData\Local\Programs\MiKTeX 2.9\tex/latex/graphics-cfg\graph
ics.cfg"
File: graphics.cfg 2016/06/04 v1.11 sample graphics configuration
)
Package graphics Info: Driver file: pdftex.def on input line 99.

("C:\Users\misak\AppData\Local\Programs\MiKTeX 2.9\tex/latex/graphics-def\pdfte
x.def"
File: pdftex.def 2018/01/08 v1.0l Graphics/color driver for pdftex
))
\Gin@req@height=\dimen113
\Gin@req@width=\dimen114
)
("C:\Users\misak\AppData\Local\Programs\MiKTeX 2.9\tex/latex/hyperref\hyperref.
sty"
Package: hyperref 2019/06/12 v6.88h Hypertext links for LaTeX

("C:\Users\misak\AppData\Local\Programs\MiKTeX 2.9\tex/generic/oberdiek\hobsub-
hyperref.sty"
Package: hobsub-hyperref 2016/05/16 v1.14 Bundle oberdiek, subset hyperref (HO)


("C:\Users\misak\AppData\Local\Programs\MiKTeX 2.9\tex/generic/oberdiek\hobsub-
generic.sty"
Package: hobsub-generic 2016/05/16 v1.14 Bundle oberdiek, subset generic (HO)
Package: hobsub 2016/05/16 v1.14 Construct package bundles (HO)
Package: infwarerr 2016/05/16 v1.4 Providing info/warning/error messages (HO)
Package: ltxcmds 2016/05/16 v1.23 LaTeX kernel commands for general use (HO)
Package: ifluatex 2016/05/16 v1.4 Provides the ifluatex switch (HO)
Package ifluatex Info: LuaTeX not detected.
Package: ifvtex 2016/05/16 v1.6 Detect VTeX and its facilities (HO)
Package ifvtex Info: VTeX not detected.
Package: intcalc 2016/05/16 v1.2 Expandable calculations with integers (HO)
Package: ifpdf 2018/09/07 v3.3 Provides the ifpdf switch
Package: etexcmds 2016/05/16 v1.6 Avoid name clashes with e-TeX commands (HO)
Package: kvsetkeys 2016/05/16 v1.17 Key value parser (HO)
Package: kvdefinekeys 2016/05/16 v1.4 Define keys (HO)
Package: pdftexcmds 2019/07/25 v0.30 Utility functions of pdfTeX for LuaTeX (HO
)
Package pdftexcmds Info: LuaTeX not detected.
Package pdftexcmds Info: \pdf@primitive is available.
Package pdftexcmds Info: \pdf@ifprimitive is available.
Package pdftexcmds Info: \pdfdraftmode found.
Package: pdfescape 2016/05/16 v1.14 Implements pdfTeX's escape features (HO)
Package: bigintcalc 2016/05/16 v1.4 Expandable calculations on big integers (HO
)
Package: bitset 2016/05/16 v1.2 Handle bit-vector datatype (HO)
Package: uniquecounter 2016/05/16 v1.3 Provide unlimited unique counter (HO)
)
Package hobsub Info: Skipping package `hobsub' (already loaded).
Package: letltxmacro 2016/05/16 v1.5 Let assignment for LaTeX macros (HO)
Package: hopatch 2016/05/16 v1.3 Wrapper for package hooks (HO)
Package: xcolor-patch 2016/05/16 xcolor patch
Package: atveryend 2016/05/16 v1.9 Hooks at the very end of document (HO)
Package atveryend Info: \enddocument detected (standard20110627).
Package: atbegshi 2016/06/09 v1.18 At begin shipout hook (HO)
Package: refcount 2016/05/16 v3.5 Data extraction from label references (HO)
Package: hycolor 2016/05/16 v1.8 Color options for hyperref/bookmark (HO)
)
("C:\Users\misak\AppData\Local\Programs\MiKTeX 2.9\tex/generic/ifxetex\ifxetex.
sty"
Package: ifxetex 2010/09/12 v0.6 Provides ifxetex conditional
)
("C:\Users\misak\AppData\Local\Programs\MiKTeX 2.9\tex/latex/oberdiek\auxhook.s
ty"
Package: auxhook 2016/05/16 v1.4 Hooks for auxiliary files (HO)
)
("C:\Users\misak\AppData\Local\Programs\MiKTeX 2.9\tex/latex/oberdiek\kvoptions
.sty"
Package: kvoptions 2016/05/16 v3.12 Key value format for package options (HO)
)
\@linkdim=\dimen115
\Hy@linkcounter=\count103
\Hy@pagecounter=\count104

("C:\Users\misak\AppData\Local\Programs\MiKTeX 2.9\tex/latex/hyperref\pd1enc.de
f"
File: pd1enc.def 2019/06/12 v6.88h Hyperref: PDFDocEncoding definition (HO)
Now handling font encoding PD1 ...
... no UTF-8 mapping file for font encoding PD1
)
\Hy@SavedSpaceFactor=\count105

("C:\Users\misak\AppData\Local\Programs\MiKTeX 2.9\tex/latex/00miktex\hyperref.
cfg"
File: hyperref.cfg 2002/06/06 v1.2 hyperref configuration of TeXLive
)
Package hyperref Info: Hyper figures OFF on input line 4550.
Package hyperref Info: Link nesting OFF on input line 4555.
Package hyperref Info: Hyper index ON on input line 4558.
Package hyperref Info: Plain pages OFF on input line 4565.
Package hyperref Info: Backreferencing OFF on input line 4570.
Package hyperref Info: Implicit mode ON; LaTeX internals redefined.
Package hyperref Info: Bookmarks ON on input line 4803.
\c@Hy@tempcnt=\count106
 ("C:\Users\misak\AppData\Local\Programs\MiKTeX 2.9\tex/latex/url\url.sty"
\Urlmuskip=\muskip11
Package: url 2013/09/16  ver 3.4  Verb mode for urls, etc.
)
LaTeX Info: Redefining \url on input line 5156.
\XeTeXLinkMargin=\dimen116
\Fld@menulength=\count107
\Field@Width=\dimen117
\Fld@charsize=\dimen118
Package hyperref Info: Hyper figures OFF on input line 6411.
Package hyperref Info: Link nesting OFF on input line 6416.
Package hyperref Info: Hyper index ON on input line 6419.
Package hyperref Info: backreferencing OFF on input line 6426.
Package hyperref Info: Link coloring OFF on input line 6431.
Package hyperref Info: Link coloring with OCG OFF on input line 6436.
Package hyperref Info: PDF/A mode OFF on input line 6441.
LaTeX Info: Redefining \ref on input line 6481.
LaTeX Info: Redefining \pageref on input line 6485.
\Hy@abspage=\count108
\c@Item=\count109
\c@Hfootnote=\count110
)
Package hyperref Info: Driver (autodetected): hpdftex.

("C:\Users\misak\AppData\Local\Programs\MiKTeX 2.9\tex/latex/hyperref\hpdftex.d
ef"
File: hpdftex.def 2019/06/12 v6.88h Hyperref driver for pdfTeX
\Fld@listcount=\count111
\c@bookmark@seq@number=\count112

("C:\Users\misak\AppData\Local\Programs\MiKTeX 2.9\tex/latex/oberdiek\rerunfile
check.sty"
Package: rerunfilecheck 2016/05/16 v1.8 Rerun checks for auxiliary files (HO)
Package uniquecounter Info: New unique counter `rerunfilecheck' on input line 2
82.
)
\Hy@SectionHShift=\skip46
)
("C:\Users\misak\AppData\Local\Programs\MiKTeX 2.9\tex/latex/graphics\color.sty
"
Package: color 2016/07/10 v1.1e Standard LaTeX Color (DPC)

("C:\Users\misak\AppData\Local\Programs\MiKTeX 2.9\tex/latex/graphics-cfg\color
.cfg"
File: color.cfg 2016/01/02 v1.6 sample color configuration
)
Package color Info: Driver file: pdftex.def on input line 147.
)
("C:\Users\misak\AppData\Local\Programs\MiKTeX 2.9\tex/latex/geometry\geometry.
sty"
Package: geometry 2018/04/16 v5.8 Page Geometry
\Gm@cnth=\count113
\Gm@cntv=\count114
\c@Gm@tempcnt=\count115
\Gm@bindingoffset=\dimen119
\Gm@wd@mp=\dimen120
\Gm@odd@mp=\dimen121
\Gm@even@mp=\dimen122
\Gm@layoutwidth=\dimen123
\Gm@layoutheight=\dimen124
\Gm@layouthoffset=\dimen125
\Gm@layoutvoffset=\dimen126
\Gm@dimlist=\toks23

("C:\Users\misak\AppData\Local\Programs\MiKTeX 2.9\tex/latex/geometry\geometry.
cfg")) ("EV 2.5 Arreglos de amplificadores de potencia.aux"
LaTeX Info: Redefining \. on input line 23.
LaTeX Info: Redefining \% on input line 23.
)
\openout1 = `"EV 2.5 Arreglos de amplificadores de potencia.aux"'.

LaTeX Font Info:    Checking defaults for OML/cmm/m/it on input line 15.
LaTeX Font Info:    ... okay on input line 15.
LaTeX Font Info:    Checking defaults for T1/cmr/m/n on input line 15.
LaTeX Font Info:    ... okay on input line 15.
LaTeX Font Info:    Checking defaults for OT1/cmr/m/n on input line 15.
LaTeX Font Info:    ... okay on input line 15.
LaTeX Font Info:    Checking defaults for OMS/cmsy/m/n on input line 15.
LaTeX Font Info:    ... okay on input line 15.
LaTeX Font Info:    Checking defaults for OMX/cmex/m/n on input line 15.
LaTeX Font Info:    ... okay on input line 15.
LaTeX Font Info:    Checking defaults for U/cmr/m/n on input line 15.
LaTeX Font Info:    ... okay on input line 15.
LaTeX Font Info:    Checking defaults for PD1/pdf/m/n on input line 15.
LaTeX Font Info:    ... okay on input line 15.
LaTeX Info: Redefining \. on input line 15.
LaTeX Info: Redefining \% on input line 15.

("C:\Users\misak\AppData\Local\Programs\MiKTeX 2.9\tex/context/base/mkii\supp-p
df.mkii"
[Loading MPS to PDF converter (version 2006.09.02).]
\scratchcounter=\count116
\scratchdimen=\dimen127
\scratchbox=\box29
\nofMPsegments=\count117
\nofMParguments=\count118
\everyMPshowfont=\toks24
\MPscratchCnt=\count119
\MPscratchDim=\dimen128
\MPnumerator=\count120
\makeMPintoPDFobject=\count121
\everyMPtoPDFconversion=\toks25
)
("C:\Users\misak\AppData\Local\Programs\MiKTeX 2.9\tex/latex/oberdiek\epstopdf-
base.sty"
Package: epstopdf-base 2016/05/15 v2.6 Base part for package epstopdf

("C:\Users\misak\AppData\Local\Programs\MiKTeX 2.9\tex/latex/oberdiek\grfext.st
y"
Package: grfext 2016/05/16 v1.2 Manage graphics extensions (HO)
)
Package epstopdf-base Info: Redefining graphics rule for `.eps' on input line 4
38.
Package grfext Info: Graphics extension search list:
(grfext)             [.pdf,.png,.jpg,.mps,.jpeg,.jbig2,.jb2,.PDF,.PNG,.JPG,.JPE
G,.JBIG2,.JB2,.eps]
(grfext)             \AppendGraphicsExtensions on input line 456.
)
\AtBeginShipoutBox=\box30
Package hyperref Info: Link coloring OFF on input line 15.

("C:\Users\misak\AppData\Local\Programs\MiKTeX 2.9\tex/latex/hyperref\nameref.s
ty"
Package: nameref 2016/05/21 v2.44 Cross-referencing by name of section

("C:\Users\misak\AppData\Local\Programs\MiKTeX 2.9\tex/generic/oberdiek\gettitl
estring.sty"
Package: gettitlestring 2016/05/16 v1.5 Cleanup title references (HO)
)
\c@section@level=\count122
)
LaTeX Info: Redefining \ref on input line 15.
LaTeX Info: Redefining \pageref on input line 15.
LaTeX Info: Redefining \nameref on input line 15.
 ("EV 2.5 Arreglos de amplificadores de potencia.out")
("EV 2.5 Arreglos de amplificadores de potencia.out")
\@outlinefile=\write3
\openout3 = `"EV 2.5 Arreglos de amplificadores de potencia.out"'.


*geometry* driver: auto-detecting
*geometry* detected driver: pdftex
*geometry* verbose mode - [ preamble ] result:
* driver: pdftex
* paper: letterpaper
* layout: <same size as paper>
* layoutoffset:(h,v)=(0.0pt,0.0pt)
* modes: 
* h-part:(L,W,R)=(56.9055pt, 500.484pt, 56.9055pt)
* v-part:(T,H,B)=(56.9055pt, 681.15898pt, 56.9055pt)
* \paperwidth=614.295pt
* \paperheight=794.96999pt
* \textwidth=500.484pt
* \textheight=681.15898pt
* \oddsidemargin=-15.36449pt
* \evensidemargin=-15.36449pt
* \topmargin=-52.36449pt
* \headheight=12.0pt
* \headsep=25.0pt
* \topskip=12.0pt
* \footskip=30.0pt
* \marginparwidth=44.0pt
* \marginparsep=10.0pt
* \columnsep=10.0pt
* \skip\footins=10.8pt plus 4.0pt minus 2.0pt
* \hoffset=0.0pt
* \voffset=0.0pt
* \mag=1000
* \@twocolumnfalse
* \@twosidefalse
* \@mparswitchfalse
* \@reversemarginfalse
* (1in=72.27pt=25.4mm, 1cm=28.453pt)

<Imagenes/UPCDLZMDG5783-logo.png, id=3, 375.804pt x 380.3811pt>
File: Imagenes/UPCDLZMDG5783-logo.png Graphic file (type png)
<use Imagenes/UPCDLZMDG5783-logo.png>
Package pdftex.def Info: Imagenes/UPCDLZMDG5783-logo.png  used on input line 22
.
(pdftex.def)             Requested size: 325.31154pt x 329.2921pt.
LaTeX Font Info:    Try loading font information for U+msa on input line 25.
("C:\Users\misak\AppData\Local\Programs\MiKTeX 2.9\tex/latex/amsfonts\umsa.fd"
File: umsa.fd 2013/01/14 v3.01 AMS symbols A
)
LaTeX Font Info:    Try loading font information for U+msb on input line 25.
("C:\Users\misak\AppData\Local\Programs\MiKTeX 2.9\tex/latex/amsfonts\umsb.fd"
File: umsb.fd 2013/01/14 v3.01 AMS symbols B
)
Underfull \hbox (badness 10000) in paragraph at lines 25--26

 []


Underfull \hbox (badness 10000) in paragraph at lines 25--26

 []

[1

{C:/Users/misak/AppData/Local/MiKTeX/2.9/pdftex/config/pdftex.map} <./Imagenes/
UPCDLZMDG5783-logo.png>]
Underfull \hbox (badness 10000) in paragraph at lines 40--41

 []

<Imagenes/Captura_1.PNG, id=14, 472.76625pt x 244.66406pt>
File: Imagenes/Captura_1.PNG Graphic file (type png)
<use Imagenes/Captura_1.PNG>
Package pdftex.def Info: Imagenes/Captura_1.PNG  used on input line 55.
(pdftex.def)             Requested size: 250.24199pt x 129.50706pt.
<Imagenes/Captura_2.PNG, id=15, 364.36125pt x 244.66406pt>
File: Imagenes/Captura_2.PNG Graphic file (type png)
<use Imagenes/Captura_2.PNG>
Package pdftex.def Info: Imagenes/Captura_2.PNG  used on input line 64.
(pdftex.def)             Requested size: 250.24199pt x 168.03438pt.
[2 <./Imagenes/Captura_1.PNG>]
Underfull \hbox (badness 10000) in paragraph at lines 69--74

 []


Underfull \hbox (badness 10000) in paragraph at lines 75--76

 []

<Imagenes/Captura_3.PNG, id=23, 482.55281pt x 251.43938pt>
File: Imagenes/Captura_3.PNG Graphic file (type png)
<use Imagenes/Captura_3.PNG>
Package pdftex.def Info: Imagenes/Captura_3.PNG  used on input line 80.
(pdftex.def)             Requested size: 250.24199pt x 130.39241pt.
<Imagenes/Captura_4.PNG, id=24, 283.81032pt x 194.22563pt>
File: Imagenes/Captura_4.PNG Graphic file (type png)
<use Imagenes/Captura_4.PNG>
Package pdftex.def Info: Imagenes/Captura_4.PNG  used on input line 88.
(pdftex.def)             Requested size: 250.24199pt x 171.25989pt.
[3 <./Imagenes/Captura_2.PNG> <./Imagenes/Captura_3.PNG>] [4 <./Imagenes/Captur
a_4.PNG>]
Underfull \hbox (badness 10000) in paragraph at lines 120--121

 []

<Imagenes/Captura_5.PNG, id=39, 512.66531pt x 250.68657pt>
File: Imagenes/Captura_5.PNG Graphic file (type png)
<use Imagenes/Captura_5.PNG>
Package pdftex.def Info: Imagenes/Captura_5.PNG  used on input line 134.
(pdftex.def)             Requested size: 250.24199pt x 122.36316pt.
<Imagenes/Captura_6.PNG, id=40, 315.42844pt x 205.5178pt>
File: Imagenes/Captura_6.PNG Graphic file (type png)
<use Imagenes/Captura_6.PNG>
Package pdftex.def Info: Imagenes/Captura_6.PNG  used on input line 143.
(pdftex.def)             Requested size: 250.24199pt x 163.0472pt.
[5 <./Imagenes/Captura_5.PNG>]
Underfull \hbox (badness 10000) in paragraph at lines 148--153

 []


Underfull \hbox (badness 10000) in paragraph at lines 154--155

 []

<Imagenes/Captura_7.PNG, id=47, 490.08093pt x 237.13594pt>
File: Imagenes/Captura_7.PNG Graphic file (type png)
<use Imagenes/Captura_7.PNG>
Package pdftex.def Info: Imagenes/Captura_7.PNG  used on input line 159.
(pdftex.def)             Requested size: 250.24199pt x 121.08246pt.
<Imagenes/Captura_8.PNG, id=48, 292.09125pt x 218.31563pt>
File: Imagenes/Captura_8.PNG Graphic file (type png)
<use Imagenes/Captura_8.PNG>
Package pdftex.def Info: Imagenes/Captura_8.PNG  used on input line 167.
(pdftex.def)             Requested size: 250.24199pt x 187.04155pt.
[6 <./Imagenes/Captura_6.PNG> <./Imagenes/Captura_7.PNG>] [7 <./Imagenes/Captur
a_8.PNG>]
Underfull \hbox (badness 10000) in paragraph at lines 200--201

 []

<Imagenes/Captura_9.PNG, id=64, 609.02531pt x 271.0125pt>
File: Imagenes/Captura_9.PNG Graphic file (type png)
<use Imagenes/Captura_9.PNG>
Package pdftex.def Info: Imagenes/Captura_9.PNG  used on input line 216.
(pdftex.def)             Requested size: 250.24199pt x 111.35568pt.
<Imagenes/Captura_10.PNG, id=65, 430.60875pt x 215.30438pt>
File: Imagenes/Captura_10.PNG Graphic file (type png)
<use Imagenes/Captura_10.PNG>
Package pdftex.def Info: Imagenes/Captura_10.PNG  used on input line 225.
(pdftex.def)             Requested size: 250.24199pt x 125.12302pt.
[8 <./Imagenes/Captura_9.PNG>]
Underfull \hbox (badness 10000) in paragraph at lines 230--234

 []


Underfull \hbox (badness 10000) in paragraph at lines 235--236

 []

<Imagenes/Captura_11.PNG, id=72, 304.88907pt x 243.91125pt>
File: Imagenes/Captura_11.PNG Graphic file (type png)
<use Imagenes/Captura_11.PNG>
Package pdftex.def Info: Imagenes/Captura_11.PNG  used on input line 240.
(pdftex.def)             Requested size: 250.24199pt x 200.20204pt.

Underfull \hbox (badness 10000) in paragraph at lines 245--248

 []

[9 <./Imagenes/Captura_10.PNG> <./Imagenes/Captura_11.PNG>]
Underfull \hbox (badness 10000) in paragraph at lines 250--251

 []

<Imagenes/Captura_12.PNG, id=81, 436.63126pt x 240.9pt>
File: Imagenes/Captura_12.PNG Graphic file (type png)
<use Imagenes/Captura_12.PNG>
Package pdftex.def Info: Imagenes/Captura_12.PNG  used on input line 266.
(pdftex.def)             Requested size: 250.24199pt x 138.06429pt.
<Imagenes/Captura_13.PNG, id=82, 280.04625pt x 226.59656pt>
File: Imagenes/Captura_13.PNG Graphic file (type png)
<use Imagenes/Captura_13.PNG>
Package pdftex.def Info: Imagenes/Captura_13.PNG  used on input line 275.
(pdftex.def)             Requested size: 250.24199pt x 202.48973pt.
[10 <./Imagenes/Captura_12.PNG>]
Underfull \hbox (badness 10000) in paragraph at lines 280--283

 []


Underfull \hbox (badness 10000) in paragraph at lines 285--286

 []

<Imagenes/Captura_14.PNG, id=89, 338.01282pt x 222.8325pt>
File: Imagenes/Captura_14.PNG Graphic file (type png)
<use Imagenes/Captura_14.PNG>
Package pdftex.def Info: Imagenes/Captura_14.PNG  used on input line 290.
(pdftex.def)             Requested size: 250.24199pt x 164.97507pt.

Underfull \hbox (badness 10000) in paragraph at lines 295--298

 []

[11 <./Imagenes/Captura_13.PNG> <./Imagenes/Captura_14.PNG>]
Underfull \hbox (badness 10000) in paragraph at lines 301--302

 []

<Imagenes/Captura_15.PNG, id=98, 499.8675pt x 266.49562pt>
File: Imagenes/Captura_15.PNG Graphic file (type png)
<use Imagenes/Captura_15.PNG>
Package pdftex.def Info: Imagenes/Captura_15.PNG  used on input line 308.
(pdftex.def)             Requested size: 250.24199pt x 133.41013pt.
<Imagenes/Captura_16.PNG, id=99, 305.64188pt x 195.73125pt>
File: Imagenes/Captura_16.PNG Graphic file (type png)
<use Imagenes/Captura_16.PNG>
Package pdftex.def Info: Imagenes/Captura_16.PNG  used on input line 317.
(pdftex.def)             Requested size: 250.24199pt x 160.25276pt.

LaTeX Warning: `h' float specifier changed to `ht'.


Underfull \hbox (badness 10000) in paragraph at lines 322--325

 []

[12 <./Imagenes/Captura_15.PNG>]
Underfull \hbox (badness 10000) in paragraph at lines 327--328

 []

<Imagenes/Captura_17.PNG, id=106, 318.43968pt x 212.29312pt>
File: Imagenes/Captura_17.PNG Graphic file (type png)
<use Imagenes/Captura_17.PNG>
Package pdftex.def Info: Imagenes/Captura_17.PNG  used on input line 332.
(pdftex.def)             Requested size: 250.24199pt x 166.82863pt.

Underfull \hbox (badness 10000) in paragraph at lines 337--339

 []

[13 <./Imagenes/Captura_16.PNG> <./Imagenes/Captura_17.PNG>]
<Imagenes/Captura_18.PNG, id=116, 499.11469pt x 291.33844pt>
File: Imagenes/Captura_18.PNG Graphic file (type png)
<use Imagenes/Captura_18.PNG>
Package pdftex.def Info: Imagenes/Captura_18.PNG  used on input line 357.
(pdftex.def)             Requested size: 250.24199pt x 146.06894pt.
<Imagenes/Captura_19.PNG, id=117, 313.9228pt x 180.675pt>
File: Imagenes/Captura_19.PNG Graphic file (type png)
<use Imagenes/Captura_19.PNG>
Package pdftex.def Info: Imagenes/Captura_19.PNG  used on input line 366.
(pdftex.def)             Requested size: 250.24199pt x 144.02188pt.
 [14 <./Imagenes/Captura_18.PNG>]
Underfull \hbox (badness 10000) in paragraph at lines 371--376

 []


Underfull \hbox (badness 10000) in paragraph at lines 384--385

 []

<Imagenes/Captura_21.PNG, id=124, 479.54156pt x 238.64156pt>
File: Imagenes/Captura_21.PNG Graphic file (type png)
<use Imagenes/Captura_21.PNG>
Package pdftex.def Info: Imagenes/Captura_21.PNG  used on input line 398.
(pdftex.def)             Requested size: 250.24199pt x 124.53128pt.

LaTeX Warning: `h' float specifier changed to `ht'.

<Imagenes/Captura_20.PNG, id=125, 321.45094pt x 222.8325pt>
File: Imagenes/Captura_20.PNG Graphic file (type png)
<use Imagenes/Captura_20.PNG>
Package pdftex.def Info: Imagenes/Captura_20.PNG  used on input line 407.
(pdftex.def)             Requested size: 250.24199pt x 173.47543pt.
[15 <./Imagenes/Captura_19.PNG>]
Underfull \hbox (badness 10000) in paragraph at lines 412--417

 []

<Imagenes/Captura_24.PNG, id=132, 595.47469pt x 386.19281pt>
File: Imagenes/Captura_24.PNG Graphic file (type png)
<use Imagenes/Captura_24.PNG>
Package pdftex.def Info: Imagenes/Captura_24.PNG  used on input line 423.
(pdftex.def)             Requested size: 250.24199pt x 162.29414pt.
[16 <./Imagenes/Captura_21.PNG> <./Imagenes/Captura_20.PNG>]
<Imagenes/Captura_241.PNG, id=141, 157.33781pt x 266.49562pt>
File: Imagenes/Captura_241.PNG Graphic file (type png)
<use Imagenes/Captura_241.PNG>
Package pdftex.def Info: Imagenes/Captura_241.PNG  used on input line 431.
(pdftex.def)             Requested size: 250.24199pt x 423.87646pt.


LaTeX Warning: `h' float specifier changed to `ht'.

<Imagenes/Captura_23.PNG, id=142, 328.22626pt x 447.92343pt>
File: Imagenes/Captura_23.PNG Graphic file (type png)
<use Imagenes/Captura_23.PNG>
Package pdftex.def Info: Imagenes/Captura_23.PNG  used on input line 440.
(pdftex.def)             Requested size: 250.24199pt x 341.50523pt.

LaTeX Warning: `h' float specifier changed to `ht'.

<Imagenes/Captura_231.jpeg, id=143, 515.67656pt x 124.21407pt>
File: Imagenes/Captura_231.jpeg Graphic file (type jpg)
<use Imagenes/Captura_231.jpeg>
Package pdftex.def Info: Imagenes/Captura_231.jpeg  used on input line 448.
(pdftex.def)             Requested size: 250.24199pt x 60.27596pt.

LaTeX Warning: `h' float specifier changed to `ht'.

Package atveryend Info: Empty hook `BeforeClearDocument' on input line 457.
[17 <./Imagenes/Captura_24.PNG>] [18 <./Imagenes/Captura_241.PNG>] [19 <./Image
nes/Captura_23.PNG> <./Imagenes/Captura_231.jpeg>]
Package atveryend Info: Empty hook `AfterLastShipout' on input line 457.

("EV 2.5 Arreglos de amplificadores de potencia.aux"
LaTeX Info: Redefining \. on input line 23.
LaTeX Info: Redefining \% on input line 23.
)
Package atveryend Info: Executing hook `AtVeryEndDocument' on input line 457.
Package atveryend Info: Executing hook `AtEndAfterFileList' on input line 457.
Package rerunfilecheck Info: File `"EV 2.5 Arreglos de amplificadores de potenc
ia".out' has not changed.
(rerunfilecheck)             Checksum: D41D8CD98F00B204E9800998ECF8427E;0.
Package atveryend Info: Empty hook `AtVeryVeryEnd' on input line 457.
 ) 
Here is how much of TeX's memory you used:
 7517 strings out of 492895
 111468 string characters out of 3123735
 214212 words of memory out of 3000000
 11277 multiletter control sequences out of 15000+200000
 12152 words of font info for 47 fonts, out of 3000000 for 9000
 1141 hyphenation exceptions out of 8191
 28i,7n,31p,490b,423s stack positions out of 5000i,500n,10000p,200000b,50000s
<C:/Users/misak/AppData/Local/Programs/MiKTeX 2.9/fonts/type1/public/amsfonts
/cm/cmbx12.pfb><C:/Users/misak/AppData/Local/Programs/MiKTeX 2.9/fonts/type1/pu
blic/amsfonts/cm/cmmi12.pfb><C:/Users/misak/AppData/Local/Programs/MiKTeX 2.9/f
onts/type1/public/amsfonts/cm/cmr12.pfb><C:/Users/misak/AppData/Local/Programs/
MiKTeX 2.9/fonts/type1/public/amsfonts/cm/cmsy10.pfb><C:/Users/misak/AppData/Lo
cal/Programs/MiKTeX 2.9/fonts/type1/public/amsfonts/cm/cmti12.pfb>
Output written on "EV 2.5 Arreglos de amplificadores de potencia.pdf" (19 pages
, 521730 bytes).
PDF statistics:
 194 PDF objects out of 1000 (max. 8388607)
 45 named destinations out of 1000 (max. 500000)
 131 words of extra memory for PDF output out of 10000 (max. 10000000)

